<?xml version="1.0" encoding="UTF-8"?>
<testsuite xmlns:xsi="http://www.w3.org/2001/XMLSchema-instance" xsi:noNamespaceSchemaLocation="https://maven.apache.org/surefire/maven-surefire-plugin/xsd/surefire-test-report-3.0.xsd" version="3.0" name="com.paymentchain.product.ProductApplicationTests" time="1.515" tests="1" errors="0" skipped="0" failures="0">
  <properties>
[...]
</properties>
  <testcase name="contextLoads" classname="com.paymentchain.product.ProductApplicationTests" time="0.05">
    <system-out><![CDATA[16:22:43.615 [main] INFO org.springframework.test.context.support.AnnotationConfigContextLoaderUtils -- Could not detect default configuration classes for test class [com.paymentchain.product.ProductApplicationTests]: ProductApplicationTests does not declare any static, non-private, non-final, nested classes annotated with @Configuration.
16:22:43.643 [main] INFO org.springframework.boot.test.context.SpringBootTestContextBootstrapper -- Found @SpringBootConfiguration com.paymentchain.product.ProductApplication for test class com.paymentchain.product.ProductApplicationTests
16:22:43.688 [main] INFO org.springframework.boot.devtools.restart.RestartApplicationListener -- Restart disabled due to context in which it is running

  .   ____          _            __ _ _
 /\\ / ___'_ __ _ _(_)_ __  __ _ \ \ \ \
( ( )\___ | '_ | '_| | '_ \/ _` | \ \ \ \
 \\/  ___)| |_)| | | | | || (_| |  ) ) ) )
  '  |____| .__|_| |_|_| |_\__, | / / / /
 =========|_|==============|___/=/_/_/_/
 :: Spring Boot ::                (v3.2.0)

2023-12-24T16:22:43.759-06:00  INFO 496018 --- [           main] c.p.product.ProductApplicationTests      : Starting ProductApplicationTests using Java 21 with PID 496018 (started by ignaciorosas in /home/ignaciorosas/Documents/cursoSpringVacacionesDiciembre2023/paymentchainparent/businessdomain/product)
2023-12-24T16:22:43.760-06:00  INFO 496018 --- [           main] c.p.product.ProductApplicationTests      : No active profile set, falling back to 1 default profile: "default"
2023-12-24T16:22:43.994-06:00  INFO 496018 --- [           main] .s.d.r.c.RepositoryConfigurationDelegate : Bootstrapping Spring Data JPA repositories in DEFAULT mode.
2023-12-24T16:22:44.032-06:00  INFO 496018 --- [           main] .s.d.r.c.RepositoryConfigurationDelegate : Finished Spring Data repository scanning in 36 ms. Found 1 JPA repository interface.
2023-12-24T16:22:44.177-06:00  INFO 496018 --- [           main] com.zaxxer.hikari.HikariDataSource       : HikariPool-1 - Starting...
2023-12-24T16:22:44.248-06:00  INFO 496018 --- [           main] com.zaxxer.hikari.pool.HikariPool        : HikariPool-1 - Added connection conn0: url=jdbc:h2:mem:af4bc7c7-eac5-4e56-a06f-ff71b6c46007 user=SA
2023-12-24T16:22:44.248-06:00  INFO 496018 --- [           main] com.zaxxer.hikari.HikariDataSource       : HikariPool-1 - Start completed.
2023-12-24T16:22:44.269-06:00  INFO 496018 --- [           main] o.hibernate.jpa.internal.util.LogHelper  : HHH000204: Processing PersistenceUnitInfo [name: default]
2023-12-24T16:22:44.285-06:00  INFO 496018 --- [           main] org.hibernate.Version                    : HHH000412: Hibernate ORM core version 6.3.1.Final
2023-12-24T16:22:44.295-06:00  INFO 496018 --- [           main] o.h.c.internal.RegionFactoryInitiator    : HHH000026: Second-level cache disabled
2023-12-24T16:22:44.365-06:00  INFO 496018 --- [           main] o.s.o.j.p.SpringPersistenceUnitInfo      : No LoadTimeWeaver setup: ignoring JPA class transformer
2023-12-24T16:22:44.615-06:00  INFO 496018 --- [           main] o.h.e.t.j.p.i.JtaPlatformInitiator       : HHH000489: No JTA platform available (set 'hibernate.transaction.jta.platform' to enable JTA platform integration)
2023-12-24T16:22:44.628-06:00  INFO 496018 --- [           main] j.LocalContainerEntityManagerFactoryBean : Initialized JPA EntityManagerFactory for persistence unit 'default'
2023-12-24T16:22:44.834-06:00  WARN 496018 --- [           main] JpaBaseConfiguration$JpaWebConfiguration : spring.jpa.open-in-view is enabled by default. Therefore, database queries may be performed during view rendering. Explicitly configure spring.jpa.open-in-view to disable this warning
2023-12-24T16:22:45.023-06:00  INFO 496018 --- [           main] c.p.product.ProductApplicationTests      : Started ProductApplicationTests in 1.338 seconds (process running for 1.609)
]]></system-out>
  </testcase>
</testsuite>